<?xml version="1.0" encoding="UTF-8"?>
<!-- Generated by org.testng.reporters.JUnitReportReporter -->
<testsuite hostname="Adiths-MacBook-Pro-2.local" failures="0" tests="4" name="MyTests.DependsOnMethodsConcept" time="0.015" errors="0" timestamp="21 Mar 2022 09:57:20 GMT" skipped="0">
  <testcase classname="MyTests.DependsOnMethodsConcept" name="createUserTest" time="0.008"/>
  <testcase classname="MyTests.DependsOnMethodsConcept" name="homePageTest" time="0.002"/>
  <testcase classname="MyTests.DependsOnMethodsConcept" name="loginTest" time="0.002"/>
  <testcase classname="MyTests.DependsOnMethodsConcept" name="searchTest" time="0.003"/>
</testsuite> <!-- MyTests.DependsOnMethodsConcept -->
