<?xml version="1.0" encoding="UTF-8"?>
<!-- Generated by org.testng.reporters.JUnitReportReporter -->
<testsuite hostname="Adiths-MacBook-Pro-2.local" failures="0" tests="2" name="AppTests.OrangeHRMTest" time="0.318" errors="0" timestamp="21 Mar 2022 15:39:54 GMT" skipped="0">
  <testcase classname="AppTests.OrangeHRMTest" name="urlTest" time="0.032"/>
  <testcase classname="AppTests.OrangeHRMTest" name="contactSalesTest" time="0.286"/>
</testsuite> <!-- AppTests.OrangeHRMTest -->
