<?xml version="1.0" encoding="UTF-8"?>
<!-- Generated by org.testng.reporters.JUnitReportReporter -->
<testsuite hostname="Adiths-MacBook-Pro-2.local" failures="0" tests="6" name="MyTests.PriorityTest" time="0.020" errors="0" timestamp="21 Mar 2022 05:58:33 GMT" skipped="0">
  <testcase classname="MyTests.PriorityTest" name="e_test" time="0.012"/>
  <testcase classname="MyTests.PriorityTest" name="f_test" time="0.002"/>
  <testcase classname="MyTests.PriorityTest" name="c_test" time="0.003"/>
  <testcase classname="MyTests.PriorityTest" name="a_test" time="0.001"/>
  <testcase classname="MyTests.PriorityTest" name="d_test" time="0.001"/>
  <testcase classname="MyTests.PriorityTest" name="b_test" time="0.001"/>
</testsuite> <!-- MyTests.PriorityTest -->
