<?xml version="1.0" encoding="UTF-8"?>
<!-- Generated by org.testng.reporters.JUnitReportReporter -->
<testsuite hostname="Adiths-MacBook-Pro-2.local" failures="0" tests="1" name="MyTests.ExpectedExceptionConcept" time="0.014" errors="0" timestamp="21 Mar 2022 07:00:18 GMT" skipped="0">
  <testcase classname="MyTests.ExpectedExceptionConcept" name="loginTest" time="0.014"/>
</testsuite> <!-- MyTests.ExpectedExceptionConcept -->
