<?xml version="1.0" encoding="UTF-8"?>
<!-- Generated by org.testng.reporters.JUnitReportReporter -->
<testsuite hostname="adiths-Mac-mini.local" failures="0" tests="3" name="MyTests.AnnotationsConcept" time="0.011" errors="0" timestamp="20 Mar 2022 14:45:04 GMT" skipped="0">
  <testcase classname="MyTests.AnnotationsConcept" name="accountInfoTest" time="0.006"/>
  <testcase classname="MyTests.AnnotationsConcept" name="userInfoTest" time="0.002"/>
  <testcase classname="MyTests.AnnotationsConcept" name="profileTest" time="0.003"/>
</testsuite> <!-- MyTests.AnnotationsConcept -->
