<?xml version="1.0" encoding="UTF-8"?>
<!-- Generated by org.testng.reporters.JUnitReportReporter -->
<testsuite hostname="Adiths-MacBook-Pro-2.local" failures="0" tests="2" name="AppTests.OpenCartTest" time="0.092" errors="0" timestamp="21 Mar 2022 15:39:54 GMT" skipped="0">
  <testcase classname="AppTests.OpenCartTest" name="registerLinkTest" time="0.082"/>
  <testcase classname="AppTests.OpenCartTest" name="urlTest" time="0.010"/>
</testsuite> <!-- AppTests.OpenCartTest -->
