<?xml version="1.0" encoding="UTF-8"?>
<!-- Generated by org.testng.reporters.JUnitReportReporter -->
<testsuite hostname="Adiths-MacBook-Pro-2.local" failures="0" tests="3" name="AppTests.GoogleTest" time="5.186" errors="0" timestamp="21 Mar 2022 15:39:54 GMT" skipped="0">
  <testcase classname="AppTests.GoogleTest" name="searchTest" time="0.139"/>
  <testcase classname="AppTests.GoogleTest" name="googlesearchBtnTest" time="5.033"/>
  <testcase classname="AppTests.GoogleTest" name="urlTest" time="0.014"/>
</testsuite> <!-- AppTests.GoogleTest -->
